<?xml version="1.0" encoding="UTF-8"?>
<!-- Generated by org.testng.reporters.JUnitXMLReporter -->
<testsuite ignored="0" hostname="Santosh" failures="0" tests="6" name="ChromeTest" time="20.946" errors="0" timestamp="2025-08-26T09:49:40 IST">
  <testcase classname="Aug25.DataProviderExp" name="AdminLogin" time="4.329"/>
  <testcase classname="Aug25.DataProviderExp" name="AdminLogin" time="2.097"/>
  <testcase classname="Aug25.DataProviderExp" name="AdminLogin" time="2.988"/>
  <testcase classname="Aug25.DataProviderExp" name="AdminLogin" time="1.399"/>
  <testcase classname="Aug25.DataProviderExp" name="AdminLogin" time="1.92"/>
  <testcase classname="Aug25.DataProviderExp" name="AdminLogin" time="1.345"/>
</testsuite> <!-- ChromeTest -->
