<?xml version="1.0" encoding="UTF-8"?>
<!-- Generated by org.testng.reporters.JUnitXMLReporter -->
<testsuite ignored="0" hostname="Santosh" failures="0" tests="6" name="EdgeTest" time="15.041" errors="0" timestamp="2025-08-26T09:49:55 IST">
  <testcase classname="Aug25.DataProviderExp" name="AdminLogin" time="1.322"/>
  <testcase classname="Aug25.DataProviderExp" name="AdminLogin" time="1.497"/>
  <testcase classname="Aug25.DataProviderExp" name="AdminLogin" time="2.46"/>
  <testcase classname="Aug25.DataProviderExp" name="AdminLogin" time="1.386"/>
  <testcase classname="Aug25.DataProviderExp" name="AdminLogin" time="1.753"/>
  <testcase classname="Aug25.DataProviderExp" name="AdminLogin" time="1.292"/>
</testsuite> <!-- EdgeTest -->
