<?xml version="1.0" encoding="UTF-8"?>
<!-- Generated by org.testng.reporters.JUnitXMLReporter -->
<testsuite ignored="0" hostname="Santosh" failures="0" tests="5" name="Default test" time="16.474" errors="0" timestamp="2025-08-27T10:00:54 IST">
  <testcase classname="Aug25.DataproviderwithExcelDemo" name="AdminLogin" time="1.767"/>
  <testcase classname="Aug25.DataproviderwithExcelDemo" name="AdminLogin" time="1.817"/>
  <testcase classname="Aug25.DataproviderwithExcelDemo" name="AdminLogin" time="2.606"/>
  <testcase classname="Aug25.DataproviderwithExcelDemo" name="AdminLogin" time="2.019"/>
  <testcase classname="Aug25.DataproviderwithExcelDemo" name="AdminLogin" time="1.628"/>
</testsuite> <!-- Default test -->
