<?xml version="1.0" encoding="UTF-8"?>
<testng-results ignored="0" total="1" passed="1" failed="0" skipped="0">
  <reporter-output>
  </reporter-output>
  <suite started-at="2025-08-28T12:16:42 IST" name="CrossBrowser" finished-at="2025-08-28T12:16:47 IST" duration-ms="5374">
    <groups>
    </groups>
    <test started-at="2025-08-28T12:16:42 IST" name="ChromeTest" finished-at="2025-08-28T12:16:47 IST" duration-ms="5374">
      <class name="Aug25.OrangeHrm">
        <test-method is-config="true" signature="setup(java.lang.String)[pri:0, instance:Aug25.OrangeHrm@6e535154]" started-at="2025-08-28T12:16:42 IST" name="setup" finished-at="2025-08-28T12:16:44 IST" duration-ms="2591" status="PASS">
          <params>
            <param index="0">
              <value>
                <![CDATA[http://orangehrm.qedgetech.com/symfony/web/index.php/auth/login]]>
              </value>
            </param>
          </params>
          <reporter-output>
          </reporter-output>
        </test-method> <!-- setup -->
        <test-method signature="login(java.lang.String,java.lang.String)[pri:0, instance:Aug25.OrangeHrm@6e535154]" started-at="2025-08-28T12:16:44 IST" name="login" finished-at="2025-08-28T12:16:47 IST" duration-ms="2596" status="PASS">
          <params>
            <param index="0">
              <value>
                <![CDATA[Admin]]>
              </value>
            </param>
            <param index="1">
              <value>
                <![CDATA[Qedge123!@#]]>
              </value>
            </param>
          </params>
          <reporter-output>
          </reporter-output>
        </test-method> <!-- login -->
        <test-method is-config="true" signature="tearDown()[pri:0, instance:Aug25.OrangeHrm@6e535154]" started-at="2025-08-28T12:16:47 IST" name="tearDown" finished-at="2025-08-28T12:16:47 IST" duration-ms="162" status="PASS">
          <reporter-output>
          </reporter-output>
        </test-method> <!-- tearDown -->
      </class> <!-- Aug25.OrangeHrm -->
    </test> <!-- ChromeTest -->
  </suite> <!-- CrossBrowser -->
</testng-results>
